<?xml version="1.0" encoding="UTF-8" ?>
<testsuite tests="8" failures="0" name="TestSuite" time="0.013" errors="0" skipped="0">
  <properties>
    <property name="idea.version" value="2021.3.3"/>
    <property name="java.runtime.name" value="OpenJDK Runtime Environment"/>
    <property name="sun.boot.library.path" value="/home/ivan.ivanov/lib/jvm/java-8-openjdk/jre/lib/amd64"/>
    <property name="java.vm.version" value="25.71-b10"/>
    <property name="java.vm.vendor" value="OpenLogic-OpenJDK"/>
    <property name="maven.multiModuleProjectDirectory" value="/home/ivan.ivanov/IdeaProjects/Farm"/>
    <property name="java.vendor.url" value="http://java.oracle.com/"/>
    <property name="path.separator" value=":"/>
    <property name="guice.disable.misplaced.annotation.check" value="true"/>
    <property name="java.vm.name" value="OpenJDK 64-Bit Server VM"/>
    <property name="file.encoding.pkg" value="sun.io"/>
    <property name="user.country" value="US"/>
    <property name="sun.java.launcher" value="SUN_STANDARD"/>
    <property name="sun.os.patch.level" value="unknown"/>
    <property name="java.vm.specification.name" value="Java Virtual Machine Specification"/>
    <property name="user.dir" value="/home/ivan.ivanov/IdeaProjects/Farm"/>
    <property name="java.runtime.version" value="1.8.0-292-b10"/>
    <property name="java.awt.graphicsenv" value="sun.awt.X11GraphicsEnvironment"/>
    <property name="java.endorsed.dirs" value="/home/ivan.ivanov/lib/jvm/java-8-openjdk/jre/lib/endorsed"/>
    <property name="os.arch" value="amd64"/>
    <property name="java.io.tmpdir" value="/tmp"/>
    <property name="line.separator" value="
"/>
    <property name="java.vm.specification.vendor" value="Oracle Corporation"/>
    <property name="os.name" value="Linux"/>
    <property name="maven.ext.class.path" value="/home/ivan.ivanov/opt/idea-IU-213.7172.25/plugins/maven/lib/maven-event-listener.jar"/>
    <property name="classworlds.conf" value="/home/ivan.ivanov/opt/idea-IU-213.7172.25/plugins/maven/lib/maven3/bin/m2.conf"/>
    <property name="sun.jnu.encoding" value="UTF-8"/>
    <property name="java.library.path" value="/usr/java/packages/lib/amd64:/usr/lib64:/lib64:/lib:/usr/lib"/>
    <property name="maven.conf" value="/home/ivan.ivanov/opt/idea-IU-213.7172.25/plugins/maven/lib/maven3/conf"/>
    <property name="java.specification.name" value="Java Platform API Specification"/>
    <property name="java.class.version" value="52.0"/>
    <property name="sun.management.compiler" value="HotSpot 64-Bit Tiered Compilers"/>
    <property name="os.version" value="5.13.0-35-generic"/>
    <property name="user.home" value="/home/ivan.ivanov"/>
    <property name="user.timezone" value="Europe/Sofia"/>
    <property name="java.awt.printerjob" value="sun.print.PSPrinterJob"/>
    <property name="java.specification.version" value="1.8"/>
    <property name="file.encoding" value="UTF-8"/>
    <property name="user.name" value="ivan.ivanov"/>
    <property name="java.class.path" value="/home/ivan.ivanov/opt/idea-IU-213.7172.25/plugins/maven/lib/maven3/boot/plexus-classworlds.license:/home/ivan.ivanov/opt/idea-IU-213.7172.25/plugins/maven/lib/maven3/boot/plexus-classworlds-2.6.0.jar:/home/ivan.ivanov/opt/idea-IU-213.7172.25/lib/idea_rt.jar"/>
    <property name="java.vm.specification.version" value="1.8"/>
    <property name="sun.arch.data.model" value="64"/>
    <property name="java.home" value="/home/ivan.ivanov/lib/jvm/java-8-openjdk/jre"/>
    <property name="sun.java.command" value="org.codehaus.classworlds.Launcher -Didea.version=2021.3.3 clean install"/>
    <property name="java.specification.vendor" value="Oracle Corporation"/>
    <property name="user.language" value="en"/>
    <property name="awt.toolkit" value="sun.awt.X11.XToolkit"/>
    <property name="java.vm.info" value="mixed mode"/>
    <property name="java.version" value="1.8.0-292"/>
    <property name="java.ext.dirs" value="/home/ivan.ivanov/lib/jvm/java-8-openjdk/jre/lib/ext:/usr/java/packages/lib/ext"/>
    <property name="securerandom.source" value="file:/dev/./urandom"/>
    <property name="sun.boot.class.path" value="/home/ivan.ivanov/lib/jvm/java-8-openjdk/jre/lib/resources.jar:/home/ivan.ivanov/lib/jvm/java-8-openjdk/jre/lib/rt.jar:/home/ivan.ivanov/lib/jvm/java-8-openjdk/jre/lib/sunrsasign.jar:/home/ivan.ivanov/lib/jvm/java-8-openjdk/jre/lib/jsse.jar:/home/ivan.ivanov/lib/jvm/java-8-openjdk/jre/lib/jce.jar:/home/ivan.ivanov/lib/jvm/java-8-openjdk/jre/lib/charsets.jar:/home/ivan.ivanov/lib/jvm/java-8-openjdk/jre/lib/jfr.jar:/home/ivan.ivanov/lib/jvm/java-8-openjdk/jre/classes"/>
    <property name="java.vendor" value="OpenLogic-OpenJDK"/>
    <property name="maven.home" value="/home/ivan.ivanov/opt/idea-IU-213.7172.25/plugins/maven/lib/maven3"/>
    <property name="file.separator" value="/"/>
    <property name="java.vendor.url.bug" value="http://bugreport.sun.com/bugreport/"/>
    <property name="sun.cpu.endian" value="little"/>
    <property name="sun.io.unicode.encoding" value="UnicodeLittle"/>
    <property name="sun.desktop" value="gnome"/>
    <property name="sun.cpu.isalist" value=""/>
  </properties>
  <testcase classname="CowTest" name="testCowConstructing" time="0.006"/>
  <testcase classname="BullTest" name="testHenConstructing" time="0.001"/>
  <testcase classname="FarmTest" name="addingAnimalsToTheFarm" time="0.002"/>
  <testcase classname="FarmTest" name="removingAnimalsWithButchering" time="0.002"/>
  <testcase classname="HenTest" name="testHenConstructing" time="0"/>
  <testcase classname="SowTest" name="testSowConstructing" time="0"/>
  <testcase classname="RoosterTest" name="testHenConstructing" time="0.002"/>
  <testcase classname="BoarTest" name="testHenConstructing" time="0"/>
</testsuite>