<?xml version="1.0" encoding="UTF-8"?>
<!-- Generated by org.testng.reporters.JUnitReportReporter -->
<testsuite skipped="0" hostname="lp-ivan-ivanov" name="FarmTest" tests="2" failures="0" timestamp="2022-04-05T09:45:48 EEST" time="0.003" errors="0">
  <testcase name="addingAnimalsToTheFarm" time="0.001" classname="FarmTest"/>
  <system-out/>
  <testcase name="removingAnimalsWithButchering" time="0.002" classname="FarmTest"/>
  <system-out/>
</testsuite> <!-- FarmTest -->
