<?xml version="1.0" encoding="UTF-8"?>
<!-- Generated by org.testng.reporters.JUnitReportReporter -->
<testsuite skipped="0" hostname="lp-ivan-ivanov" name="RoosterTest" tests="1" failures="0" timestamp="2022-04-05T09:45:48 EEST" time="0.001" errors="0">
  <testcase name="testHenConstructing" time="0.001" classname="RoosterTest"/>
  <system-out/>
</testsuite> <!-- RoosterTest -->
